  2018-11-09 01:47:39 % Lostfilm % ACCEPTED % The.Gifted.S02E06.720p.rus.LostFilm.TV.mp4.torrent
  2018-11-09 01:47:39 % Lostfilm % ACCEPTED % The.Last.Ship.S05E09.720p.rus.LostFilm.TV.mp4.torrent
  2018-11-09 01:47:46 % Baibako % ACCEPTED % Доктор Кто - Doctor Who s11e01-05 (720p WEBRip)
  2018-11-09 01:47:47 % Baibako % ACCEPTED % Спасение - Salvation s02e01-13 (720p WEBRip)
  2018-11-09 02:18:19 % download-films % ACCEPTED % Luis and His Friends from Outer Space (2018) - WEB-DL 1080p
  2018-11-09 02:21:51 % Lostfilm % ACCEPTED % Charmed.S01E04.720p.rus.LostFilm.TV.mp4.torrent
  2018-11-09 02:45:24 % download-films % ACCEPTED % Luis and His Friends from Outer Space (2018) - WEB-DL 1080p
  2018-11-09 02:45:26 % download-films % ACCEPTED % The Spy Who Dumped Me (2018) - BDRemux 2160p] [4K|HDR
  2018-11-09 02:54:38 % download-films % ACCEPTED % The Spy Who Dumped Me (2018) - BDRip 720p
  2018-11-09 10:34:52 % download-films % ACCEPTED % Incredibles 2 (2018) - BDRemux 2160p] [4K|HDR
  2018-11-09 18:44:54 % download-films % ACCEPTED % Christopher Robin (2018) - BDRip 720p
  2018-11-09 19:44:49 % download-films % ACCEPTED % Christopher Robin (2018) - BDRip 1080p
  2018-11-10 12:31:34 % Lostfilm % ACCEPTED % The Purge
  2018-11-10 12:38:33 % Lostfilm % ACCEPTED % The Purge S1E10 720p
  2018-11-10 12:39:47 % Lostfilm % ACCEPTED % The Purge S01E10 720p
  2018-11-10 13:27:23 % download-films % ACCEPTED % None (2018) 1080p webdl
  2018-11-10 13:34:56 % download-films % ACCEPTED % Kin (2018) 1080p webdl
  2018-11-10 13:34:56 % download-films % ACCEPTED % Christopher Robin (2018) 1080p bluray
  2018-11-10 13:34:56 % download-films % ACCEPTED % Christopher Robin (2018) 720p bluray
  2018-11-10 13:34:57 % download-films % ACCEPTED % Incredibles 2 (2018) 2160p
  2018-11-10 13:34:57 % download-films % ACCEPTED % Luis & the Aliens (2018) 1080p webdl
  2018-11-10 13:47:55 % download-films % ACCEPTED % Kin (2018) 1080p webdl
  2018-11-10 13:47:55 % download-films % ACCEPTED % Christopher Robin (2018) 1080p bluray
  2018-11-10 13:47:55 % download-films % ACCEPTED % Christopher Robin (2018) 720p bluray
  2018-11-10 13:47:55 % download-films % ACCEPTED % Incredibles 2 (2018) 2160p
  2018-11-10 13:47:55 % download-films % ACCEPTED % Luis & the Aliens (2018) 1080p webdl
  2018-11-11 07:54:53 % download-films % ACCEPTED % Searching (2018) 1080p webdl
  2018-11-11 17:14:52 % download-films % ACCEPTED % Alpha (2018) 1080p bluray
  2018-11-11 17:54:45 % Lostfilm % ACCEPTED % Daredevil S03E7 720p
  2018-11-11 18:44:44 % Lostfilm % ACCEPTED % Titans S01E5 720p
  2018-11-11 20:54:44 % Lostfilm % ACCEPTED % Tell Me a Story S01E2 720p
  2018-11-11 22:05:09 % Lostfilm % ACCEPTED % Z Nation S05E6 720p
  2018-11-12 08:04:46 % download-films % ACCEPTED % Kin (2018) 720p bluray
  2018-11-12 09:34:48 % download-films % ACCEPTED % Kin (2018) 1080p bluray
  2018-11-12 20:44:46 % Lostfilm % ACCEPTED % Van Helsing S03E6 720p
  2018-11-12 21:04:44 % Lostfilm % ACCEPTED % Blindspot S04E5 720p
  2018-11-12 21:24:53 % download-films % ACCEPTED % The Equalizer 2 (2018) 1080p bluray
  2018-11-12 21:34:52 % Lostfilm % ACCEPTED % Hawaii Five-0 S09E7 720p
  2018-11-12 21:44:47 % download-films % ACCEPTED % The Equalizer 2 (2018) 1080p
  2018-11-13 16:34:43 % Lostfilm % ACCEPTED % Daredevil S03E8 720p
  2018-11-13 17:54:44 % Lostfilm % ACCEPTED % The Last Ship S05E10 720p
  2018-11-13 18:14:43 % Lostfilm % ACCEPTED % Charmed S01E5 720p
  2018-11-13 19:04:44 % Lostfilm % ACCEPTED % Supergirl S04E5 720p
  2018-11-14 19:24:44 % Lostfilm % ACCEPTED % Legends of Tomorrow S04E4 720p
  2018-11-14 23:44:44 % Lostfilm % ACCEPTED % The Good Doctor S02E7 720p
  2018-11-15 00:14:53 % download-films % ACCEPTED % Mission: Impossible - Fallout (2018) 720p bluray
  2018-11-15 00:34:47 % download-films % ACCEPTED % Mission: Impossible - Fallout (2018) 1080p bluray
  2018-11-15 01:24:45 % Lostfilm % ACCEPTED % Arrow S07E5 720p
  2018-11-15 13:24:45 % download-films % ACCEPTED % Mission: Impossible - Fallout (2018) 1080p
  2018-11-15 22:24:45 % Lostfilm % ACCEPTED % The Flash S05E5 720p
  2018-11-15 23:34:44 % Lostfilm % ACCEPTED % The Gifted S02E7 720p
  2018-11-17 16:24:43 % Lostfilm % ACCEPTED % Daredevil S03E9 720p
  2018-11-18 18:54:44 % Lostfilm % ACCEPTED % Tell Me a Story S01E3 720p
  2018-11-18 19:24:51 % Lostfilm % ACCEPTED % Z Nation S05E7 720p
  2018-11-19 22:31:42 % Lostfilm % ACCEPTED % Hawaii Five-0 S09E8 720p
  2018-11-19 22:31:44 % Lostfilm % ACCEPTED % Blindspot S04E6 720p
  2018-11-19 22:44:49 % Lostfilm % ACCEPTED % Van Helsing S03E7 720p
  2018-11-20 00:14:44 % Lostfilm % ACCEPTED % Titans S01E6 720p
  2018-11-20 18:44:44 % Lostfilm % ACCEPTED % Supergirl S04E6 720p
  2018-11-20 18:54:46 % Lostfilm % ACCEPTED % Daredevil S03E10 720p
  2018-11-20 19:24:42 % Lostfilm % ACCEPTED % Charmed S01E6 720p
  2018-11-21 19:44:42 % Lostfilm % ACCEPTED % Arrow S07E6 720p
  2018-11-21 22:44:44 % Lostfilm % ACCEPTED % The Good Doctor S02E8 720p
  2018-11-21 23:04:43 % Lostfilm % ACCEPTED % Legends of Tomorrow S04E5 720p
  2018-11-22 21:04:43 % Lostfilm % ACCEPTED % The Flash S05E6 720p
  2018-11-23 20:34:43 % Lostfilm % ACCEPTED % Daredevil S03E11 720p
  2018-11-25 14:14:52 % download-films % ACCEPTED % Need for Speed (2014) 1080p bluray
  2018-11-25 19:34:44 % Lostfilm % ACCEPTED % Z Nation S05E8 720p
  2018-11-25 21:34:43 % Lostfilm % ACCEPTED % Titans S01E7 720p
  2018-11-25 22:34:44 % Lostfilm % ACCEPTED % Tell Me a Story S01E4 720p
  2018-11-26 13:54:52 % download-films % ACCEPTED % Papillon (2017) 1080p bluray
  2018-11-26 17:04:44 % Lostfilm % ACCEPTED % Van Helsing S03E8 720p
  2018-11-27 11:54:54 % download-films % ACCEPTED % The Predator (2018) 1080p webdl
  2018-11-27 19:24:48 % Lostfilm % ACCEPTED % Supergirl S04E7 720p
  2018-11-27 20:44:42 % Lostfilm % ACCEPTED % Charmed S01E7 720p
  2018-11-28 00:14:43 % Lostfilm % ACCEPTED % Daredevil S03E12 720p
  2018-11-28 20:24:43 % Lostfilm % ACCEPTED % The Good Doctor S02E9 720p
  2018-11-28 20:34:51 % Lostfilm % ACCEPTED % Legends of Tomorrow S04E6 720p
  2018-11-28 20:54:43 % Lostfilm % ACCEPTED % Arrow S07E7 720p
  2018-11-30 17:35:00 % Lostfilm % ACCEPTED % The Gifted S02E8 720p
  2018-11-30 17:35:02 % Lostfilm % ACCEPTED % The Flash S05E7 720p
  2018-11-30 20:54:44 % Lostfilm % ACCEPTED % Vikings S05E11 720p
  2018-11-30 22:14:53 % Lostfilm % ACCEPTED % Daredevil S03E13 720p
  2018-12-01 10:44:49 % download-films % ACCEPTED % BlacKkKlansman (2018) 1080p bluray
  2018-12-02 19:24:43 % Lostfilm % ACCEPTED % Z Nation S05E9 720p
  2018-12-02 20:24:49 % Lostfilm % ACCEPTED % Titans S01E8 720p
  2018-12-02 22:24:43 % Lostfilm % ACCEPTED % Tell Me a Story S01E5 720p
  2018-12-03 11:44:58 % download-films % ACCEPTED % Peppermint (2018) 1080p webdl
  2018-12-03 21:04:44 % Lostfilm % ACCEPTED % Van Helsing S03E9 720p
  2018-12-03 23:04:43 % Lostfilm % ACCEPTED % Blindspot S04E7 720p
  2018-12-04 00:34:44 % Lostfilm % ACCEPTED % Hawaii Five-0 S09E9 720p
  2018-12-04 19:04:44 % Lostfilm % ACCEPTED % Charmed S01E8 720p
  2018-12-05 00:44:52 % Lostfilm % ACCEPTED % Supergirl S04E8 720p
  2018-12-05 21:14:43 % Lostfilm % ACCEPTED % The Good Doctor S02E10 720p
  2018-12-05 22:44:43 % Lostfilm % ACCEPTED % Arrow S07E8 720p
  2018-12-05 23:24:45 % Lostfilm % ACCEPTED % Legends of Tomorrow S04E7 720p
  2018-12-06 19:04:44 % Lostfilm % ACCEPTED % The Flash S05E8 720p
  2018-12-06 21:24:52 % download-films % ACCEPTED % Venom (2018) 1080p bluray
  2018-12-06 23:44:43 % Lostfilm % ACCEPTED % The Gifted S02E9 720p
  2018-12-07 20:04:44 % Lostfilm % ACCEPTED % Vikings S05E12 720p
  2018-12-09 18:54:44 % Lostfilm % ACCEPTED % Z Nation S05E10 720p
  2018-12-09 19:14:45 % Lostfilm % ACCEPTED % Tell Me a Story S01E6 720p
  2018-12-09 22:14:44 % Lostfilm % ACCEPTED % Titans S01E9 720p
  2018-12-10 22:34:45 % Lostfilm % ACCEPTED % Blindspot S04E8 720p
  2018-12-10 23:54:42 % Lostfilm % ACCEPTED % Hawaii Five-0 S09E10 720p
  2018-12-11 01:14:43 % Lostfilm % ACCEPTED % Van Helsing S03E10 720p
  2018-12-11 20:14:42 % Lostfilm % ACCEPTED % The Flash S05E9 720p
  2018-12-11 20:34:42 % Lostfilm % ACCEPTED % Charmed S01E9 720p
  2018-12-12 00:54:45 % Lostfilm % ACCEPTED % Counterpart S02E1 720p
  2018-12-12 21:54:44 % Lostfilm % ACCEPTED % Arrow S07E9 720p
  2018-12-12 23:14:43 % Lostfilm % ACCEPTED % Legends of Tomorrow S04E8 720p
  2018-12-13 00:04:54 % download-films % ACCEPTED % First Man (2018) 1080p webdl
  2018-12-13 20:24:43 % Lostfilm % ACCEPTED % Supergirl S04E9 720p
  2018-12-14 09:54:52 % download-films % ACCEPTED % A Simple Favor (2018) 1080p bluray
  2018-12-14 13:34:53 % download-films % ACCEPTED % Crazy Rich Asians (2018) 1080p bluray
  2018-12-14 21:04:52 % Lostfilm % ACCEPTED % Vikings S05E13 720p
  2018-12-16 22:54:52 % Lostfilm % ACCEPTED % Tell Me a Story S01E7 720p
  2018-12-16 23:34:47 % Lostfilm % ACCEPTED % Titans S01E10 720p
  2018-12-17 00:34:49 % Lostfilm % ACCEPTED % Z Nation S05E11 720p
  2018-12-17 17:34:44 % Lostfilm % ACCEPTED % Van Helsing S03E11 720p
  2018-12-19 01:44:43 % Lostfilm % ACCEPTED % Counterpart S02E2 720p
  2018-12-20 00:34:51 % download-films % ACCEPTED % Halloween (2018) 1080p webdl
  2018-12-20 09:54:49 % download-films % ACCEPTED % Johnny English Strikes Again (2018) 1080p bluray
  2018-12-21 04:31:46 % download-films % ACCEPTED % Venom (2018) 1080p bluray
  2018-12-22 01:04:44 % Lostfilm % ACCEPTED % Vikings S05E14 720p
  2018-12-23 18:34:46 % Lostfilm % ACCEPTED % Timeless S02E11 720p
  2018-12-23 21:04:43 % Lostfilm % ACCEPTED % Titans S01E11 720p
  2018-12-23 23:04:44 % Lostfilm % ACCEPTED % Tell Me a Story S01E8 720p
  2018-12-23 23:44:48 % Lostfilm % ACCEPTED % Z Nation S05E12 720p
  2018-12-25 22:28:00 % Lostfilm % ACCEPTED % Counterpart S02E3 720p
  2018-12-25 22:28:04 % Lostfilm % ACCEPTED % Runaways S02E1 720p
  2018-12-25 22:28:06 % Lostfilm % ACCEPTED % Timeless S02E12 720p
  2018-12-25 22:28:08 % Lostfilm % ACCEPTED % Van Helsing S03E12 720p
  2018-12-25 23:42:50 % download-films % ACCEPTED % Goosebumps 2: Haunted Halloween (2018) 1080p webdl
  2018-12-27 00:04:53 % download-films % ACCEPTED % Smallfoot (2018) 1080p bluray
  2018-12-29 00:04:44 % Lostfilm % ACCEPTED % Vikings S05E15 720p
  2018-12-29 13:34:45 % Lostfilm % ACCEPTED % Runaways S02E2 720p
  2018-12-29 20:04:57 % download-films % ACCEPTED % Bad Times at the El Royale (2018) 1080p bluray
  2018-12-30 13:44:47 % Baibako % ACCEPTED % Black Mirror S05E0 720p webrip
  2018-12-30 19:44:43 % Lostfilm % ACCEPTED % Tell Me a Story S01E9 720p
  2018-12-30 23:24:43 % Lostfilm % ACCEPTED % Z Nation S05E13 720p
  2018-12-31 12:14:43 % Lostfilm % ACCEPTED % Runaways S02E3 720p
  2018-12-31 12:44:44 % Lostfilm % ACCEPTED % Van Helsing S03E13 720p
  2019-01-02 16:24:42 % Baibako % ACCEPTED % Doctor Who S12E0 720p webrip
  2019-01-04 19:45:02 % Lostfilm % ACCEPTED % The Orville S02E1 720p
  2019-01-04 21:55:02 % Lostfilm % ACCEPTED % Vikings S05E16 720p
  2019-01-05 00:54:53 % Lostfilm % ACCEPTED % Counterpart S02E4 720p
  2019-01-05 01:54:44 % Lostfilm % ACCEPTED % The Gifted S02E10 720p
  2019-01-06 07:04:51 % download-films % ACCEPTED % Venom (2018) 1080p bluray h265
  2019-01-06 14:04:57 % Lostfilm % ACCEPTED % The Blacklist S06E1 720p
  2019-01-06 19:14:58 % Lostfilm % ACCEPTED % The Orville S02E2 720p
  2019-01-06 23:14:59 % Lostfilm % ACCEPTED % Runaways S02E4 720p
  2019-01-07 01:04:53 % Lostfilm % ACCEPTED % Tell Me a Story S01E10 720p
  2019-01-07 23:44:48 % Lostfilm % ACCEPTED % The Blacklist S06E2 720p
  2019-01-08 00:44:54 % Lostfilm % ACCEPTED % Hawaii Five-0 S09E11 720p
  2019-01-08 15:04:58 % Lostfilm % ACCEPTED % Runaways S02E5 720p
  2019-01-09 00:34:45 % Lostfilm % ACCEPTED % Counterpart S02E5 720p
  2019-01-09 17:04:49 % Lostfilm % ACCEPTED % Titans S01E12 720p
  2019-01-10 10:45:01 % download-films % ACCEPTED % The Guilty (2018) 1080p bluray
  2019-01-11 00:54:55 % Lostfilm % ACCEPTED % The Gifted S02E11 720p
  2019-01-11 02:15:06 % download-films % ACCEPTED % The House That Jack Built (2018) 1080p webdl
  2019-01-11 23:25:06 % Lostfilm % ACCEPTED % Vikings S05E17 720p
  2019-01-12 00:04:53 % Lostfilm % ACCEPTED % Runaways S02E6 720p
  2019-01-12 23:54:53 % Lostfilm % ACCEPTED % The Orville S02E3 720p
  2019-01-13 19:25:06 % download-films % ACCEPTED % The Old Man & the Gun (2018) 1080p bluray
  2019-01-14 18:24:57 % Lostfilm % ACCEPTED % Future Man S02E1 720p
  2019-01-14 20:04:59 % Lostfilm % ACCEPTED % Blindspot S04E9 720p
  2019-01-14 20:35:29 % Lostfilm % ACCEPTED % Hawaii Five-0 S09E12 720p
  2019-01-14 22:15:09 % Lostfilm % ACCEPTED % The Blacklist S06E3 720p
  2019-01-15 00:15:01 % download-films % ACCEPTED % Hunter Killer (2018) 1080p webdl
  2019-01-15 22:54:46 % Lostfilm % ACCEPTED % Runaways S02E7 720p
  2019-01-16 02:14:54 % download-films % ACCEPTED % A Star Is Born (2018) 1080p webdl
  2019-01-16 17:34:45 % Lostfilm % ACCEPTED % Future Man S02E2 720p
  2019-01-16 19:35:02 % Lostfilm % ACCEPTED % The Good Doctor S02E11 720p
  2019-01-17 02:54:46 % Baibako % ACCEPTED % Corporate S02E1 720p webrip
  2019-01-17 21:55:11 % Lostfilm % ACCEPTED % The Flash S05E10 720p
  2019-01-17 22:34:56 % Lostfilm % ACCEPTED % The Gifted S02E12 720p
  2019-01-18 11:04:52 % download-films % ACCEPTED % Night School (2018) 1080p bluray
  2019-01-19 00:14:43 % Lostfilm % ACCEPTED % Runaways S02E8 720p
  2019-01-19 00:54:59 % Lostfilm % ACCEPTED % Vikings S05E18 720p
  2019-01-19 23:59:41 % Lostfilm % ACCEPTED % The Orville S02E4 720p
  2019-01-20 00:00:02 % download-films % ACCEPTED % The Sisters Brothers (2018) 1080p bluray
  2019-01-20 22:05:03 % Lostfilm % ACCEPTED % Future Man S02E3 720p
  2019-01-21 02:04:50 % Lostfilm % ACCEPTED % The Punisher S02E1 720p
  2019-01-21 15:45:05 % download-films % ACCEPTED % Colette (2018) 1080p bluray
  2019-01-21 22:25:02 % Lostfilm % ACCEPTED % Blindspot S04E10 720p
  2019-01-22 00:04:47 % Lostfilm % ACCEPTED % The Blacklist S06E4 720p
  2019-01-22 01:44:43 % Lostfilm % ACCEPTED % Hawaii Five-0 S09E13 720p
  2019-01-26 15:05:12 % Lostfilm % ACCEPTED % Runaways S02E10 720p
  2019-01-26 15:05:14 % Lostfilm % ACCEPTED % The Gifted S02E13 720p
  2019-01-26 15:05:16 % Lostfilm % ACCEPTED % The Flash S05E11 720p
  2019-01-26 15:05:17 % Lostfilm % ACCEPTED % The Good Doctor S02E12 720p
  2019-01-26 15:05:19 % Lostfilm % ACCEPTED % Arrow S07E10 720p
  2019-01-26 15:06:24 % download-films % ACCEPTED % Bohemian Rhapsody (2018) 1080p webdl
  2019-01-26 15:06:24 % download-films % ACCEPTED % Bohemian Rhapsody (2018) 1080p webdl
  2019-01-26 22:15:01 % Lostfilm % ACCEPTED % The Orville S02E5 720p
  2019-01-26 23:35:07 % Lostfilm % ACCEPTED % Vikings S05E19 720p
  2019-01-27 19:05:00 % Lostfilm % ACCEPTED % Future Man S02E5 720p
  2019-01-27 23:05:06 % Lostfilm % ACCEPTED % The Punisher S02E3 720p
  2019-01-29 21:35:00 % Lostfilm % ACCEPTED % Supergirl S04E11 720p
  2019-01-29 22:54:57 % Lostfilm % ACCEPTED % Counterpart S02E7 720p
  2019-01-29 23:35:00 % Lostfilm % ACCEPTED % The Punisher S02E4 720p
  2019-01-30 23:55:05 % download-films % ACCEPTED % Mortal Engines (2018) 1080p webdl
  2019-01-31 02:04:49 % Lostfilm % ACCEPTED % Arrow S07E11 720p
  2019-01-31 02:54:45 % Lostfilm % ACCEPTED % Runaways S02E11 720p
  2019-01-31 04:14:53 % Lostfilm % ACCEPTED % The Good Doctor S02E13 720p
  2019-01-31 20:15:06 % Lostfilm % ACCEPTED % The Flash S05E12 720p
  2019-02-01 00:25:04 % download-films % ACCEPTED % Widows (2018) 1080p bluray
  2019-02-01 22:05:07 % Lostfilm % ACCEPTED % Future Man S02E6 720p
  2019-02-01 23:35:05 % Lostfilm % ACCEPTED % Vikings S05E20 720p
  2019-02-02 01:44:46 % Lostfilm % ACCEPTED % Runaways S02E12 720p
  2019-02-02 22:05:17 % download-films % ACCEPTED % Look Away (2018) 1080p webdl
  2019-02-03 01:15:01 % Lostfilm % ACCEPTED % The Orville S02E6 720p
  2019-02-03 18:35:00 % Lostfilm % ACCEPTED % The Punisher S02E5 720p
  2019-02-03 19:35:30 % Lostfilm % ACCEPTED % Runaways S02E13 720p
  2019-02-04 10:24:55 % download-films % ACCEPTED % Wildlife (2018) 1080p webdl
  2019-02-04 22:05:04 % Lostfilm % ACCEPTED % The Blacklist S06E5 720p
  2019-02-04 23:35:00 % Lostfilm % ACCEPTED % Blindspot S04E11 720p
  2019-02-05 00:04:50 % Lostfilm % ACCEPTED % Hawaii Five-0 S09E14 720p
  2019-02-05 07:44:54 % download-films % ACCEPTED % Under the Silver Lake (2018) 1080p bluray
  2019-02-05 07:54:59 % download-films % ACCEPTED % Suspiria (2018) 1080p bluray
  2019-02-05 08:05:09 % download-films % ACCEPTED % Time Trap (2017) 1080p bluray
  2019-02-05 15:44:46 % Lostfilm % ACCEPTED % Future Man S02E7 720p
  2019-02-05 18:24:54 % Lostfilm % ACCEPTED % Future Man S02E8 720p
  2019-02-05 21:45:10 % Lostfilm % ACCEPTED % The Punisher S02E6 720p
  2019-02-05 21:55:07 % Lostfilm % ACCEPTED % Counterpart S02E8 720p
  2019-02-06 23:14:59 % Lostfilm % ACCEPTED % The Good Doctor S02E14 720p
  2019-02-07 09:35:19 % download-films % ACCEPTED % Bohemian Rhapsody (2018) 1080p bluray
  2019-02-07 15:34:54 % Lostfilm % ACCEPTED % The Flash S05E13 720p
  2019-02-07 17:15:01 % Lostfilm % ACCEPTED % Arrow S07E12 720p
  2019-02-07 19:05:26 % download-films % ACCEPTED % The Wife (2017) 1080p bluray
  2019-02-09 17:35:00 % Lostfilm % ACCEPTED % Future Man S02E9 720p
  2019-02-10 17:05:10 % download-films % ACCEPTED % Don't Worry, He Won't Get Far on Foot (2018) 1080p bluray
  2019-02-10 22:54:58 % download-films % ACCEPTED % Pet Sematary (1989) 1080p bluray h265
  2019-02-11 00:34:48 % Lostfilm % ACCEPTED % The Punisher S02E7 720p
  2019-02-11 21:44:59 % Lostfilm % ACCEPTED % Blindspot S04E12 720p
  2019-02-12 00:24:57 % Lostfilm % ACCEPTED % The Blacklist S06E6 720p
  2019-02-12 09:14:54 % download-films % ACCEPTED % Shoplifters (2018) 1080p webdl
  2019-02-12 12:04:55 % download-films % ACCEPTED % Overlord (2018) 1080p bluray
  2019-02-12 12:24:55 % Lostfilm % ACCEPTED % Future Man S02E10 720p
  2019-02-12 20:14:49 % Lostfilm % ACCEPTED % Counterpart S02E9 720p
  2019-02-12 21:35:17 % download-films % ACCEPTED % The Favourite (2018) 1080p webdl
  2019-02-13 01:05:00 % Lostfilm % ACCEPTED % The Punisher S02E8 720p
  2019-02-13 23:04:56 % Lostfilm % ACCEPTED % Arrow S07E13 720p
  2019-02-14 17:14:55 % download-films % ACCEPTED % The Grinch (2018) 1080p bluray
  2019-02-14 19:55:08 % Lostfilm % ACCEPTED % The Flash S05E14 720p
  2019-02-14 20:05:10 % Lostfilm % ACCEPTED % The Gifted S02E14 720p
  2019-02-15 00:05:08 % download-films % ACCEPTED % Ralph Breaks the Internet (2018) 1080p webdl
  2019-02-15 11:44:52 % Lostfilm % ACCEPTED % Future Man S02E11 720p
  2019-02-15 23:25:13 % download-films % ACCEPTED % Fantastic Beasts: The Crimes of Grindelwald (2018) 720p webdl
  2019-02-15 23:25:14 % download-films % ACCEPTED % Fantastic Beasts: The Crimes of Grindelwald (2018) 1080p webdl
  2019-02-16 23:25:13 % Lostfilm % ACCEPTED % The Orville S02E7 720p
  2019-02-17 17:15:00 % Lostfilm % ACCEPTED % The Punisher S02E9 720p
  2019-02-17 17:44:56 % Lostfilm % ACCEPTED % The Punisher S02E10 720p
  2019-02-17 18:15:00 % download-films % ACCEPTED % Overlord (2018) 1080p bluray h265
  2019-02-17 18:35:16 % download-films % ACCEPTED % Fantastic Beasts and Where to Find Them (2016) 1080p bluray h265
  2019-02-17 21:35:24 % download-films % ACCEPTED % Solo: A Star Wars Story (2018) 1080p bluray h265
  2019-02-18 02:15:07 % download-films % ACCEPTED % Ant-Man and the Wasp (2018) 1080p bluray h265
  2019-02-18 02:54:47 % download-films % ACCEPTED % Ralph Breaks the Internet (2018) 1080p bluray
  2019-02-18 22:45:07 % Lostfilm % ACCEPTED % Blindspot S04E13 720p
  2019-02-19 01:34:49 % Lostfilm % ACCEPTED % Hawaii Five-0 S09E15 720p
  2019-02-19 01:54:51 % Lostfilm % ACCEPTED % The Blacklist S06E7 720p
  2019-02-19 13:24:45 % Lostfilm % ACCEPTED % Future Man S02E12 720p
  2019-02-19 20:25:02 % Lostfilm % ACCEPTED % Counterpart S02E10 720p
  2019-02-19 20:55:15 % Lostfilm % ACCEPTED % Supergirl S04E12 720p
  2019-02-20 01:05:10 % download-films % ACCEPTED % Green Book (2018) 1080p webdl
  2019-02-20 14:05:08 % download-films % ACCEPTED % Life Itself (2018) 1080p bluray
  2019-02-20 14:05:08 % download-films % ACCEPTED % Beautiful Boy (2018) 1080p bluray
  2019-02-20 19:04:57 % download-films % ACCEPTED % Life Itself (2018) 720p bluray
  2019-02-20 23:54:53 % Lostfilm % ACCEPTED % Future Man S02E13 720p
  2019-02-21 14:24:46 % Lostfilm % ACCEPTED % The Good Doctor S02E15 720p
  2019-02-21 20:35:06 % Lostfilm % ACCEPTED % The Gifted S02E15 720p
  2019-02-23 10:05:31 % download-films % ACCEPTED % Ralph Breaks the Internet (2018) 1080p bluray h265
  2019-02-24 00:44:57 % Lostfilm % ACCEPTED % The Orville S02E8 720p
  2019-02-24 11:24:56 % Lostfilm % ACCEPTED % The Punisher S02E11 720p
  2019-02-24 23:54:56 % download-films % ACCEPTED % Look Away (2018) 1080p bluray
  2019-02-25 21:45:03 % Lostfilm % ACCEPTED % The Punisher S02E12 720p
  2019-02-25 23:44:55 % Lostfilm % ACCEPTED % The Blacklist S06E8 720p
  2019-02-26 00:54:54 % Lostfilm % ACCEPTED % Hawaii Five-0 S09E16 720p
  2019-02-26 06:54:51 % download-films % ACCEPTED % Climax (2018) 1080p bluray
  2019-02-26 14:54:57 % Lostfilm % ACCEPTED % The Punisher S02E13 720p
  2019-02-26 19:55:05 % Lostfilm % ACCEPTED % The Blacklist S06E9 720p
  2019-02-26 23:54:57 % download-films % ACCEPTED % Spider-Man: Into the Spider-Verse (2018) 1080p webdl
  2019-02-27 19:44:55 % Lostfilm % ACCEPTED % Hawaii Five-0 S09E17 720p
  2019-02-27 21:45:04 % Lostfilm % ACCEPTED % The Good Doctor S02E16 720p
  2019-02-28 21:25:04 % Lostfilm % ACCEPTED % The Gifted S02E16 720p
  2019-03-01 21:35:06 % download-films % ACCEPTED % Kraftidioten (2014) 1080p bluray
  2019-03-02 02:44:51 % download-films % ACCEPTED % Eastern Promises (2007) 1080p bluray
  2019-03-02 14:15:02 % download-films % ACCEPTED % Up in Smoke (1978) 1080p bluray
  2019-03-02 20:25:12 % Lostfilm % ACCEPTED % The Orville S02E9 720p
  2019-03-03 21:05:15 % download-films % ACCEPTED % Waterworld (1995) 1080p bluray
  2019-03-04 05:35:19 % download-films % ACCEPTED % Upgrade (2018) 1080p bluray h265
  2019-03-04 12:15:12 % download-films % ACCEPTED % Creed II (2018) 1080p bluray
  2019-03-05 11:34:55 % download-films % ACCEPTED % Cold War (2018) 1080p bluray
  2019-03-05 13:34:30 % download-films % ACCEPTED % Guardians of the Galaxy Vol. 2 (2017) 1080p bluray h265
  2019-03-05 13:34:31 % download-films % ACCEPTED % Guardians of the Galaxy (2014) 1080p bluray h265
  2019-03-05 17:25:04 % download-films % ACCEPTED % Aquaman (2018) 1080p webdl
  2019-03-05 23:05:02 % Lostfilm % ACCEPTED % Supergirl S04E13 720p
  2019-03-06 23:17:16 % download-films % ACCEPTED % Annihilation (2018) 1080p bluray h265
  2019-03-06 23:17:18 % download-films % ACCEPTED % Black Panther (2018) 1080p bluray h265
  2019-03-06 23:17:18 % download-films % ACCEPTED % Aquaman (2018) 720p webdl
  2019-03-06 23:17:18 % download-films % ACCEPTED % Aquaman (2018) 1080p webdl
  2019-03-07 00:24:45 % Lostfilm % ACCEPTED % Arrow S07E14 720p
  2019-03-07 11:18:06 % download-films % ACCEPTED % The Favourite (2018) 1080p bluray
  2019-03-07 11:18:08 % download-films % ACCEPTED % Barfly (1987) 720p bluray
  2019-03-07 11:18:11 % download-films % ACCEPTED % Can You Ever Forgive Me? (2018) 1080p webdl
  2019-03-07 20:54:56 % Lostfilm % ACCEPTED % The Good Doctor S02E17 720p
  2019-03-07 20:55:17 % download-films % ACCEPTED % Angel Heart (1987) 1080p bluray
  2019-03-08 00:25:02 % Lostfilm % ACCEPTED % The Flash S05E15 720p
  2019-03-08 06:34:59 % download-films % ACCEPTED % Year of the Dragon (1985) 720p bluray
  2019-03-08 12:45:01 % download-films % ACCEPTED % Sicario: Day of the Soldado (2018) 1080p bluray h265
  2019-03-09 09:04:56 % download-films % ACCEPTED % Dunkirk (2017) 1080p bluray h265
  2019-03-09 10:34:58 % download-films % ACCEPTED % Thor: Ragnarok (2017) 1080p bluray h265
  2019-03-09 23:34:59 % Lostfilm % ACCEPTED % The Orville S02E10 720p
  2019-03-10 10:54:55 % download-films % ACCEPTED % The Shape of Water (2017) 1080p bluray h265
  2019-03-10 10:54:55 % download-films % ACCEPTED % The Shape of Water (2017) 1080p bluray h265
  2019-03-10 19:55:41 % download-films % ACCEPTED % The Equalizer 2 (2018) 1080p bluray h265
  2019-03-11 17:34:57 % download-films % ACCEPTED % First Man (2018) 1080p bluray h265
  2019-03-11 21:14:57 % Lostfilm % ACCEPTED % Blindspot S04E14 720p
  2019-03-12 00:55:16 % Lostfilm % ACCEPTED % The Blacklist S06E10 720p
  2019-03-12 19:35:02 % Lostfilm % ACCEPTED % Supergirl S04E14 720p
  2019-03-13 01:40:38 % download-films % ACCEPTED % Spider-Man: Into the Spider-Verse (2018) 1080p bluray h265
  2019-03-13 01:40:38 % download-films % ACCEPTED % Spider-Man: Into the Spider-Verse (2018) 720p bluray
  2019-03-13 21:45:02 % Lostfilm % ACCEPTED % Arrow S07E15 720p
  2019-03-13 23:05:14 % download-films % ACCEPTED % The Big Blue (1988) 1080p bluray
  2019-03-14 18:25:06 % Lostfilm % ACCEPTED % The Flash S05E16 720p
  2019-03-14 23:24:56 % download-films % ACCEPTED % Vice (2018) 1080p webdl
  2019-03-15 01:44:57 % download-films % ACCEPTED % Side Effects (2013) 1080p bluray
  2019-03-15 13:25:02 % download-films % ACCEPTED % Aquaman (2018) 1080p bluray
  2019-03-15 17:44:57 % download-films % ACCEPTED % Butch Cassidy and the Sundance Kid (1969) 720p bluray
  2019-03-15 17:54:46 % download-films % ACCEPTED % Butch Cassidy and the Sundance Kid (1969) 1080p bluray
  2019-03-15 21:35:03 % download-films % ACCEPTED % Creed II (2018) 1080p bluray
  2019-03-17 06:34:59 % download-films % ACCEPTED % Incredibles 2 (2018) 1080p bluray h265
  2019-03-17 09:55:50 % download-films % ACCEPTED % Deadpool (2016) 1080p bluray h265
  2019-03-18 22:14:57 % Lostfilm % ACCEPTED % The Blacklist S06E11 720p
  2019-03-18 23:34:54 % Lostfilm % ACCEPTED % Blindspot S04E15 720p
  2019-03-19 07:04:58 % download-films % ACCEPTED % Black Book (2006) 1080p bluray
  2019-03-19 12:05:00 % download-films % ACCEPTED % Bumblebee (2018) 1080p webdl
  2019-03-19 18:44:50 % Lostfilm % ACCEPTED % Supergirl S04E15 720p
  2019-03-21 01:44:45 % Lostfilm % ACCEPTED % Arrow S07E16 720p
  2019-03-21 14:05:01 % download-films % ACCEPTED % Dogman (2018) 1080p bluray
  2019-03-21 16:25:04 % download-films % ACCEPTED % It (2017) 1080p bluray h265
  2019-03-21 23:05:12 % download-films % ACCEPTED % If Beale Street Could Talk (2018) 1080p bluray
  2019-03-22 00:35:06 % Lostfilm % ACCEPTED % The Flash S05E17 720p
  2019-03-23 02:54:59 % download-films % ACCEPTED % Capernaum (2018) 1080p webdl
  2019-03-23 05:05:03 % download-films % ACCEPTED % Aquaman (2018) 1080p bluray h265
  2019-03-23 20:05:27 % download-films % ACCEPTED % Bumblebee (2018) 720p bluray
  2019-03-23 21:05:09 % download-films % ACCEPTED % Bumblebee (2018) 1080p bluray
  2019-03-24 01:04:56 % Lostfilm % ACCEPTED % The Orville S02E11 720p
  2019-03-24 07:34:57 % download-films % ACCEPTED % On the Basis of Sex (2018) 1080p webdl
  2019-03-25 20:27:31 % download-films % ACCEPTED % The Grinch (2018) 1080p bluray h265
  2019-03-25 21:19:51 % Lostfilm % ACCEPTED % Blindspot S04E16 720p
  2019-03-25 23:39:41 % Lostfilm % ACCEPTED % The Blacklist S06E12 720p
  2019-03-26 20:19:50 % Lostfilm % ACCEPTED % Supergirl S04E16 720p
  2019-03-27 16:29:56 % download-films % ACCEPTED % The Jerk (1979) 1080p bluray
  2019-03-27 21:00:09 % download-films % ACCEPTED % There Will Be Blood (2007) 720p bluray
  2019-03-27 21:20:02 % download-films % ACCEPTED % There Will Be Blood (2007) 1080p bluray
  2019-03-28 23:59:40 % Lostfilm % ACCEPTED % Arrow S07E17 720p
  2019-03-29 07:59:58 % download-films % ACCEPTED % Mary Poppins Returns (2018) 1080p bluray
  2019-03-29 08:59:56 % download-films % ACCEPTED % At Eternity's Gate (2018) 1080p bluray
